[3.320s] Invoking command in '/home/stark/stuff/Projects/LeaderFollower/ros2_ws/src/drones_intracom_py': AMENT_PREFIX_PATH=/home/stark/stuff/Projects/LeaderFollower/install/drones_msgs:/home/stark/stuff/Projects/LeaderFollower/install/px4_msgs:${AMENT_PREFIX_PATH} CMAKE_PREFIX_PATH=/home/stark/stuff/Projects/LeaderFollower/install/drones_msgs:/home/stark/stuff/Projects/LeaderFollower/install/px4_msgs LD_LIBRARY_PATH=/home/stark/stuff/Projects/LeaderFollower/install/drones_msgs/lib:/home/stark/stuff/Projects/LeaderFollower/install/px4_msgs/lib:/opt/ros/humble/opt/rviz_ogre_vendor/lib:/opt/ros/humble/lib/x86_64-linux-gnu:/opt/ros/humble/lib:/tmp/.mount_CursorgjFFeI/usr/lib/:/tmp/.mount_CursorgjFFeI/usr/lib32/:/tmp/.mount_CursorgjFFeI/usr/lib64/:/tmp/.mount_CursorgjFFeI/lib/:/tmp/.mount_CursorgjFFeI/lib/i386-linux-gnu/:/tmp/.mount_CursorgjFFeI/lib/x86_64-linux-gnu/:/tmp/.mount_CursorgjFFeI/lib/aarch64-linux-gnu/:/tmp/.mount_CursorgjFFeI/lib32/:/tmp/.mount_CursorgjFFeI/lib64/ PYTHONPATH=/home/stark/stuff/Projects/LeaderFollower/build/drones_intracom_py/prefix_override:/usr/lib/python3/dist-packages/colcon_core/task/python/colcon_distutils_commands:/home/stark/stuff/Projects/LeaderFollower/install/drones_intracom_py/lib/python3.10/site-packages:/home/stark/stuff/Projects/LeaderFollower/install/drones_msgs/local/lib/python3.10/dist-packages:/home/stark/stuff/Projects/LeaderFollower/install/px4_msgs/local/lib/python3.10/dist-packages:${PYTHONPATH} /usr/bin/python3 -W ignore:setup.py install is deprecated -W ignore:easy_install command is deprecated setup.py egg_info --egg-base ../../../build/drones_intracom_py build --build-base /home/stark/stuff/Projects/LeaderFollower/build/drones_intracom_py/build install --record /home/stark/stuff/Projects/LeaderFollower/build/drones_intracom_py/install.log --single-version-externally-managed install_data
[3.948s] running egg_info
[3.949s] creating ../../../build/drones_intracom_py/drones_intracom_py.egg-info
[4.287s] writing ../../../build/drones_intracom_py/drones_intracom_py.egg-info/PKG-INFO
[4.289s] writing dependency_links to ../../../build/drones_intracom_py/drones_intracom_py.egg-info/dependency_links.txt
[4.290s] writing entry points to ../../../build/drones_intracom_py/drones_intracom_py.egg-info/entry_points.txt
[4.290s] writing requirements to ../../../build/drones_intracom_py/drones_intracom_py.egg-info/requires.txt
[4.290s] writing top-level names to ../../../build/drones_intracom_py/drones_intracom_py.egg-info/top_level.txt
[4.291s] writing manifest file '../../../build/drones_intracom_py/drones_intracom_py.egg-info/SOURCES.txt'
[4.394s] reading manifest file '../../../build/drones_intracom_py/drones_intracom_py.egg-info/SOURCES.txt'
[4.397s] writing manifest file '../../../build/drones_intracom_py/drones_intracom_py.egg-info/SOURCES.txt'
[4.397s] running build
[4.398s] running build_py
[4.398s] creating /home/stark/stuff/Projects/LeaderFollower/build/drones_intracom_py/build/lib/drones_intracom_py
[4.399s] copying drones_intracom_py/__init__.py -> /home/stark/stuff/Projects/LeaderFollower/build/drones_intracom_py/build/lib/drones_intracom_py
[4.399s] copying drones_intracom_py/election_node.py -> /home/stark/stuff/Projects/LeaderFollower/build/drones_intracom_py/build/lib/drones_intracom_py
[4.401s] running install
[4.412s] running install_lib
[4.455s] creating /home/stark/stuff/Projects/LeaderFollower/install/drones_intracom_py/lib/python3.10/site-packages/drones_intracom_py
[4.456s] copying /home/stark/stuff/Projects/LeaderFollower/build/drones_intracom_py/build/lib/drones_intracom_py/__init__.py -> /home/stark/stuff/Projects/LeaderFollower/install/drones_intracom_py/lib/python3.10/site-packages/drones_intracom_py
[4.456s] copying /home/stark/stuff/Projects/LeaderFollower/build/drones_intracom_py/build/lib/drones_intracom_py/election_node.py -> /home/stark/stuff/Projects/LeaderFollower/install/drones_intracom_py/lib/python3.10/site-packages/drones_intracom_py
[4.458s] byte-compiling /home/stark/stuff/Projects/LeaderFollower/install/drones_intracom_py/lib/python3.10/site-packages/drones_intracom_py/__init__.py to __init__.cpython-310.pyc
[4.459s] byte-compiling /home/stark/stuff/Projects/LeaderFollower/install/drones_intracom_py/lib/python3.10/site-packages/drones_intracom_py/election_node.py to election_node.cpython-310.pyc
[4.462s] running install_data
[4.463s] creating /home/stark/stuff/Projects/LeaderFollower/install/drones_intracom_py/share/ament_index/resource_index/packages
[4.464s] copying resource/drones_intracom_py -> /home/stark/stuff/Projects/LeaderFollower/install/drones_intracom_py/share/ament_index/resource_index/packages
[4.465s] copying package.xml -> /home/stark/stuff/Projects/LeaderFollower/install/drones_intracom_py/share/drones_intracom_py
[4.465s] creating /home/stark/stuff/Projects/LeaderFollower/install/drones_intracom_py/share/drones_intracom_py/launch
[4.466s] copying launch/swarm_launch.py -> /home/stark/stuff/Projects/LeaderFollower/install/drones_intracom_py/share/drones_intracom_py/launch
[4.466s] running install_egg_info
[4.512s] Copying ../../../build/drones_intracom_py/drones_intracom_py.egg-info to /home/stark/stuff/Projects/LeaderFollower/install/drones_intracom_py/lib/python3.10/site-packages/drones_intracom_py-0.0.0-py3.10.egg-info
[4.516s] running install_scripts
[4.628s] Installing election_node script to /home/stark/stuff/Projects/LeaderFollower/install/drones_intracom_py/lib/drones_intracom_py
[4.629s] writing list of installed files to '/home/stark/stuff/Projects/LeaderFollower/build/drones_intracom_py/install.log'
[4.769s] Invoked command in '/home/stark/stuff/Projects/LeaderFollower/ros2_ws/src/drones_intracom_py' returned '0': AMENT_PREFIX_PATH=/home/stark/stuff/Projects/LeaderFollower/install/drones_msgs:/home/stark/stuff/Projects/LeaderFollower/install/px4_msgs:${AMENT_PREFIX_PATH} CMAKE_PREFIX_PATH=/home/stark/stuff/Projects/LeaderFollower/install/drones_msgs:/home/stark/stuff/Projects/LeaderFollower/install/px4_msgs LD_LIBRARY_PATH=/home/stark/stuff/Projects/LeaderFollower/install/drones_msgs/lib:/home/stark/stuff/Projects/LeaderFollower/install/px4_msgs/lib:/opt/ros/humble/opt/rviz_ogre_vendor/lib:/opt/ros/humble/lib/x86_64-linux-gnu:/opt/ros/humble/lib:/tmp/.mount_CursorgjFFeI/usr/lib/:/tmp/.mount_CursorgjFFeI/usr/lib32/:/tmp/.mount_CursorgjFFeI/usr/lib64/:/tmp/.mount_CursorgjFFeI/lib/:/tmp/.mount_CursorgjFFeI/lib/i386-linux-gnu/:/tmp/.mount_CursorgjFFeI/lib/x86_64-linux-gnu/:/tmp/.mount_CursorgjFFeI/lib/aarch64-linux-gnu/:/tmp/.mount_CursorgjFFeI/lib32/:/tmp/.mount_CursorgjFFeI/lib64/ PYTHONPATH=/home/stark/stuff/Projects/LeaderFollower/build/drones_intracom_py/prefix_override:/usr/lib/python3/dist-packages/colcon_core/task/python/colcon_distutils_commands:/home/stark/stuff/Projects/LeaderFollower/install/drones_intracom_py/lib/python3.10/site-packages:/home/stark/stuff/Projects/LeaderFollower/install/drones_msgs/local/lib/python3.10/dist-packages:/home/stark/stuff/Projects/LeaderFollower/install/px4_msgs/local/lib/python3.10/dist-packages:${PYTHONPATH} /usr/bin/python3 -W ignore:setup.py install is deprecated -W ignore:easy_install command is deprecated setup.py egg_info --egg-base ../../../build/drones_intracom_py build --build-base /home/stark/stuff/Projects/LeaderFollower/build/drones_intracom_py/build install --record /home/stark/stuff/Projects/LeaderFollower/build/drones_intracom_py/install.log --single-version-externally-managed install_data
