[2.996s] Invoking command in '/home/stark/stuff/Projects/LeaderFollower/ros2_ws/src/drone_controller': AMENT_PREFIX_PATH=/home/stark/stuff/Projects/LeaderFollower/install/drones_msgs:/home/stark/stuff/Projects/LeaderFollower/install/px4_msgs:${AMENT_PREFIX_PATH} CMAKE_PREFIX_PATH=/home/stark/stuff/Projects/LeaderFollower/install/drones_msgs:/home/stark/stuff/Projects/LeaderFollower/install/px4_msgs LD_LIBRARY_PATH=/home/stark/stuff/Projects/LeaderFollower/install/drones_msgs/lib:/home/stark/stuff/Projects/LeaderFollower/install/px4_msgs/lib:/opt/ros/humble/opt/rviz_ogre_vendor/lib:/opt/ros/humble/lib/x86_64-linux-gnu:/opt/ros/humble/lib:/tmp/.mount_CursorgjFFeI/usr/lib/:/tmp/.mount_CursorgjFFeI/usr/lib32/:/tmp/.mount_CursorgjFFeI/usr/lib64/:/tmp/.mount_CursorgjFFeI/lib/:/tmp/.mount_CursorgjFFeI/lib/i386-linux-gnu/:/tmp/.mount_CursorgjFFeI/lib/x86_64-linux-gnu/:/tmp/.mount_CursorgjFFeI/lib/aarch64-linux-gnu/:/tmp/.mount_CursorgjFFeI/lib32/:/tmp/.mount_CursorgjFFeI/lib64/ PYTHONPATH=/home/stark/stuff/Projects/LeaderFollower/build/drone_controller/prefix_override:/usr/lib/python3/dist-packages/colcon_core/task/python/colcon_distutils_commands:/home/stark/stuff/Projects/LeaderFollower/install/drone_controller/lib/python3.10/site-packages:/home/stark/stuff/Projects/LeaderFollower/install/drones_msgs/local/lib/python3.10/dist-packages:/home/stark/stuff/Projects/LeaderFollower/install/px4_msgs/local/lib/python3.10/dist-packages:${PYTHONPATH} /usr/bin/python3 -W ignore:setup.py install is deprecated -W ignore:easy_install command is deprecated setup.py egg_info --egg-base ../../../build/drone_controller build --build-base /home/stark/stuff/Projects/LeaderFollower/build/drone_controller/build install --record /home/stark/stuff/Projects/LeaderFollower/build/drone_controller/install.log --single-version-externally-managed install_data
[3.703s] running egg_info
[3.704s] creating ../../../build/drone_controller/drone_controller.egg-info
[4.009s] writing ../../../build/drone_controller/drone_controller.egg-info/PKG-INFO
[4.010s] writing dependency_links to ../../../build/drone_controller/drone_controller.egg-info/dependency_links.txt
[4.010s] writing entry points to ../../../build/drone_controller/drone_controller.egg-info/entry_points.txt
[4.011s] writing requirements to ../../../build/drone_controller/drone_controller.egg-info/requires.txt
[4.011s] writing top-level names to ../../../build/drone_controller/drone_controller.egg-info/top_level.txt
[4.011s] writing manifest file '../../../build/drone_controller/drone_controller.egg-info/SOURCES.txt'
[4.114s] reading manifest file '../../../build/drone_controller/drone_controller.egg-info/SOURCES.txt'
[4.117s] writing manifest file '../../../build/drone_controller/drone_controller.egg-info/SOURCES.txt'
[4.118s] running build
[4.118s] running build_py
[4.118s] creating /home/stark/stuff/Projects/LeaderFollower/build/drone_controller/build/lib/drone_controller
[4.119s] copying drone_controller/__init__.py -> /home/stark/stuff/Projects/LeaderFollower/build/drone_controller/build/lib/drone_controller
[4.120s] copying drone_controller/controller_node.py -> /home/stark/stuff/Projects/LeaderFollower/build/drone_controller/build/lib/drone_controller
[4.121s] running install
[4.136s] running install_lib
[4.191s] creating /home/stark/stuff/Projects/LeaderFollower/install/drone_controller/lib/python3.10/site-packages/drone_controller
[4.192s] copying /home/stark/stuff/Projects/LeaderFollower/build/drone_controller/build/lib/drone_controller/__init__.py -> /home/stark/stuff/Projects/LeaderFollower/install/drone_controller/lib/python3.10/site-packages/drone_controller
[4.192s] copying /home/stark/stuff/Projects/LeaderFollower/build/drone_controller/build/lib/drone_controller/controller_node.py -> /home/stark/stuff/Projects/LeaderFollower/install/drone_controller/lib/python3.10/site-packages/drone_controller
[4.193s] byte-compiling /home/stark/stuff/Projects/LeaderFollower/install/drone_controller/lib/python3.10/site-packages/drone_controller/__init__.py to __init__.cpython-310.pyc
[4.194s] byte-compiling /home/stark/stuff/Projects/LeaderFollower/install/drone_controller/lib/python3.10/site-packages/drone_controller/controller_node.py to controller_node.cpython-310.pyc
[4.200s] running install_data
[4.200s] creating /home/stark/stuff/Projects/LeaderFollower/install/drone_controller/share/ament_index/resource_index/packages
[4.201s] copying resource/drone_controller -> /home/stark/stuff/Projects/LeaderFollower/install/drone_controller/share/ament_index/resource_index/packages
[4.202s] copying package.xml -> /home/stark/stuff/Projects/LeaderFollower/install/drone_controller/share/drone_controller
[4.202s] creating /home/stark/stuff/Projects/LeaderFollower/install/drone_controller/share/drone_controller/launch
[4.203s] copying launch/launch.py -> /home/stark/stuff/Projects/LeaderFollower/install/drone_controller/share/drone_controller/launch
[4.203s] running install_egg_info
[4.255s] Copying ../../../build/drone_controller/drone_controller.egg-info to /home/stark/stuff/Projects/LeaderFollower/install/drone_controller/lib/python3.10/site-packages/drone_controller-0.0.0-py3.10.egg-info
[4.258s] running install_scripts
[4.376s] Installing controller_node script to /home/stark/stuff/Projects/LeaderFollower/install/drone_controller/lib/drone_controller
[4.377s] writing list of installed files to '/home/stark/stuff/Projects/LeaderFollower/build/drone_controller/install.log'
[4.522s] Invoked command in '/home/stark/stuff/Projects/LeaderFollower/ros2_ws/src/drone_controller' returned '0': AMENT_PREFIX_PATH=/home/stark/stuff/Projects/LeaderFollower/install/drones_msgs:/home/stark/stuff/Projects/LeaderFollower/install/px4_msgs:${AMENT_PREFIX_PATH} CMAKE_PREFIX_PATH=/home/stark/stuff/Projects/LeaderFollower/install/drones_msgs:/home/stark/stuff/Projects/LeaderFollower/install/px4_msgs LD_LIBRARY_PATH=/home/stark/stuff/Projects/LeaderFollower/install/drones_msgs/lib:/home/stark/stuff/Projects/LeaderFollower/install/px4_msgs/lib:/opt/ros/humble/opt/rviz_ogre_vendor/lib:/opt/ros/humble/lib/x86_64-linux-gnu:/opt/ros/humble/lib:/tmp/.mount_CursorgjFFeI/usr/lib/:/tmp/.mount_CursorgjFFeI/usr/lib32/:/tmp/.mount_CursorgjFFeI/usr/lib64/:/tmp/.mount_CursorgjFFeI/lib/:/tmp/.mount_CursorgjFFeI/lib/i386-linux-gnu/:/tmp/.mount_CursorgjFFeI/lib/x86_64-linux-gnu/:/tmp/.mount_CursorgjFFeI/lib/aarch64-linux-gnu/:/tmp/.mount_CursorgjFFeI/lib32/:/tmp/.mount_CursorgjFFeI/lib64/ PYTHONPATH=/home/stark/stuff/Projects/LeaderFollower/build/drone_controller/prefix_override:/usr/lib/python3/dist-packages/colcon_core/task/python/colcon_distutils_commands:/home/stark/stuff/Projects/LeaderFollower/install/drone_controller/lib/python3.10/site-packages:/home/stark/stuff/Projects/LeaderFollower/install/drones_msgs/local/lib/python3.10/dist-packages:/home/stark/stuff/Projects/LeaderFollower/install/px4_msgs/local/lib/python3.10/dist-packages:${PYTHONPATH} /usr/bin/python3 -W ignore:setup.py install is deprecated -W ignore:easy_install command is deprecated setup.py egg_info --egg-base ../../../build/drone_controller build --build-base /home/stark/stuff/Projects/LeaderFollower/build/drone_controller/build install --record /home/stark/stuff/Projects/LeaderFollower/build/drone_controller/install.log --single-version-externally-managed install_data
